<?xml version="1.0" encoding="UTF-8"?>
<!-- Generated by org.testng.reporters.JUnitReportReporter -->
<testsuite hostname="LAPTOP-MPKBEIQK" failures="0" tests="1" name="TestClass.BookAppoinmentTest" time="11.510" errors="0" timestamp="2026-05-19T17:35:42 IST" skipped="0">
  <testcase classname="TestClass.BookAppoinmentTest" name="verifyAppointmentDate" time="11.510"/>
  <system-out>
    <![CDATA[Opening browser for text Exexution
Test Case Sucessfull]]>
  </system-out>
</testsuite> <!-- TestClass.BookAppoinmentTest -->
