<?xml version="1.0" encoding="UTF-8"?>
<!-- Generated by org.testng.reporters.JUnitXMLReporter -->
<testsuite ignored="1" hostname="LAPTOP-MPKBEIQK" failures="0" tests="3" name="Test" time="29.375" errors="0" timestamp="2026-05-19T16:41:53 IST">
  <testcase classname="TestClass.CreateNewAppoinmentTest" name="CreateAppoinment" time="3.881"/>
  <testcase classname="TestClass.CreateNewAppoinmentTest" name="CreateAppoinment" time="3.178"/>
  <testcase classname="TestClass.LogInTest" name="verifyLogin" time="0.928"/>
  <testcase classname="TestClass.BookAppoinmentTest" name="verifyAppointmentDate" time="0.0">
    <ignored/>
  </testcase> <!-- verifyAppointmentDate -->
</testsuite> <!-- Test -->
