<?xml version="1.0" encoding="UTF-8"?>
<!-- Generated by org.testng.reporters.JUnitXMLReporter -->
<testsuite ignored="0" hostname="LAPTOP-MPKBEIQK" failures="0" tests="5" name="Surefire test" time="48.675" errors="0" timestamp="2026-05-19T19:20:43 IST">
  <testcase classname="TestClass.BookAppoinmentTest" name="verifyAppointmentDate" time="3.958"/>
  <testcase classname="TestClass.CreateNewAppoinmentTest" name="CreateAppoinment" time="3.337"/>
  <testcase classname="TestClass.CreateNewAppoinmentTest" name="CreateAppoinment" time="3.34"/>
  <testcase classname="TestClass.LogInTest" name="verifyLogin" time="0.969"/>
  <testcase classname="TestClass.LogOutTest" name="verifyLogOut" time="2.529"/>
</testsuite> <!-- Surefire test -->
