<?xml version="1.0" encoding="UTF-8"?>
<!-- Generated by org.testng.reporters.JUnitReportReporter -->
<testsuite hostname="LAPTOP-MPKBEIQK" failures="0" tests="2" name="TestClass.CreateNewAppoinmentTest" time="20.132" errors="0" timestamp="2026-05-19T19:20:43 IST" skipped="0">
  <testcase classname="TestClass.CreateNewAppoinmentTest" name="CreateAppoinment" time="10.011"/>
  <system-out>
    <![CDATA[Opening browser for text Exexution
Test Case Sucessfull]]>
  </system-out>
  <testcase classname="TestClass.CreateNewAppoinmentTest" name="CreateAppoinment" time="10.121"/>
  <system-out>
    <![CDATA[Opening browser for text Exexution
Test Case Sucessfull]]>
  </system-out>
</testsuite> <!-- TestClass.CreateNewAppoinmentTest -->
