<?xml version="1.0" encoding="UTF-8"?>
<testng-results ignored="0" total="5" passed="5" failed="0" skipped="0">
  <reporter-output>
    <line>
      <![CDATA[Opening browser for text Exexution]]>
    </line>
    <line>
      <![CDATA[Test Case Sucessfull]]>
    </line>
    <line>
      <![CDATA[Opening browser for text Exexution]]>
    </line>
    <line>
      <![CDATA[Test Case Sucessfull]]>
    </line>
    <line>
      <![CDATA[Opening browser for text Exexution]]>
    </line>
    <line>
      <![CDATA[Test Case Sucessfull]]>
    </line>
    <line>
      <![CDATA[Opening browser for text Exexution]]>
    </line>
    <line>
      <![CDATA[Test Case Sucessfull]]>
    </line>
    <line>
      <![CDATA[Opening browser for text Exexution]]>
    </line>
    <line>
      <![CDATA[Test Case Sucessfull]]>
    </line>
  </reporter-output>
  <suite started-at="2026-05-19T19:19:54 IST" name="Surefire suite" finished-at="2026-05-19T19:20:43 IST" duration-ms="48675">
    <groups>
      <group name="Regression1">
        <method signature="LogInTest.verifyLogin()[pri:0, instance:TestClass.LogInTest@a4102b8]" name="verifyLogin" class="TestClass.LogInTest"/>
      </group> <!-- Regression1 -->
      <group name="Regression2">
        <method signature="CreateNewAppoinmentTest.CreateAppoinment(java.lang.String,java.lang.String)[pri:0, instance:TestClass.CreateNewAppoinmentTest@d83da2e]" name="CreateAppoinment" class="TestClass.CreateNewAppoinmentTest"/>
      </group> <!-- Regression2 -->
      <group name="Regression8">
        <method signature="BookAppoinmentTest.verifyAppointmentDate()[pri:0, instance:TestClass.BookAppoinmentTest@23282c25]" name="verifyAppointmentDate" class="TestClass.BookAppoinmentTest"/>
      </group> <!-- Regression8 -->
      <group name="Regression5">
        <method signature="LogOutTest.verifyLogOut()[pri:0, instance:TestClass.LogOutTest@11dc3715]" name="verifyLogOut" class="TestClass.LogOutTest"/>
      </group> <!-- Regression5 -->
      <group name="sanity">
        <method signature="CreateNewAppoinmentTest.CreateAppoinment(java.lang.String,java.lang.String)[pri:0, instance:TestClass.CreateNewAppoinmentTest@d83da2e]" name="CreateAppoinment" class="TestClass.CreateNewAppoinmentTest"/>
      </group> <!-- sanity -->
    </groups>
    <test started-at="2026-05-19T19:19:54 IST" name="Surefire test" finished-at="2026-05-19T19:20:43 IST" duration-ms="48675">
      <class name="TestClass.CreateNewAppoinmentTest">
        <test-method is-config="true" signature="LaunchBrowser()[pri:0, instance:TestClass.CreateNewAppoinmentTest@d83da2e]" started-at="2026-05-19T19:20:06 IST" name="LaunchBrowser" finished-at="2026-05-19T19:20:09 IST" duration-ms="3451" status="PASS">
          <reporter-output>
          </reporter-output>
        </test-method> <!-- LaunchBrowser -->
        <test-method signature="CreateAppoinment(java.lang.String,java.lang.String)[pri:0, instance:TestClass.CreateNewAppoinmentTest@d83da2e]" started-at="2026-05-19T19:20:09 IST" name="CreateAppoinment" data-provider="bookAppoinment" finished-at="2026-05-19T19:20:13 IST" duration-ms="3337" status="PASS">
          <params>
            <param index="0">
              <value>
                <![CDATA[20/06/26]]>
              </value>
            </param>
            <param index="1">
              <value>
                <![CDATA[Visit doc1]]>
              </value>
            </param>
          </params>
          <reporter-output>
            <line>
              <![CDATA[Opening browser for text Exexution]]>
            </line>
            <line>
              <![CDATA[Test Case Sucessfull]]>
            </line>
          </reporter-output>
        </test-method> <!-- CreateAppoinment -->
        <test-method is-config="true" signature="closeBrowser()[pri:0, instance:TestClass.CreateNewAppoinmentTest@d83da2e]" started-at="2026-05-19T19:20:13 IST" name="closeBrowser" finished-at="2026-05-19T19:20:16 IST" duration-ms="3179" status="PASS">
          <reporter-output>
          </reporter-output>
        </test-method> <!-- closeBrowser -->
        <test-method is-config="true" signature="LaunchBrowser()[pri:0, instance:TestClass.CreateNewAppoinmentTest@d83da2e]" started-at="2026-05-19T19:20:16 IST" name="LaunchBrowser" finished-at="2026-05-19T19:20:19 IST" duration-ms="3605" status="PASS">
          <reporter-output>
          </reporter-output>
        </test-method> <!-- LaunchBrowser -->
        <test-method signature="CreateAppoinment(java.lang.String,java.lang.String)[pri:0, instance:TestClass.CreateNewAppoinmentTest@d83da2e]" started-at="2026-05-19T19:20:19 IST" name="CreateAppoinment" data-provider="bookAppoinment" finished-at="2026-05-19T19:20:23 IST" duration-ms="3340" status="PASS">
          <params>
            <param index="0">
              <value>
                <![CDATA[21/06/26]]>
              </value>
            </param>
            <param index="1">
              <value>
                <![CDATA[Visit doc2]]>
              </value>
            </param>
          </params>
          <reporter-output>
            <line>
              <![CDATA[Opening browser for text Exexution]]>
            </line>
            <line>
              <![CDATA[Test Case Sucessfull]]>
            </line>
          </reporter-output>
        </test-method> <!-- CreateAppoinment -->
        <test-method is-config="true" signature="closeBrowser()[pri:0, instance:TestClass.CreateNewAppoinmentTest@d83da2e]" started-at="2026-05-19T19:20:23 IST" name="closeBrowser" finished-at="2026-05-19T19:20:26 IST" duration-ms="3220" status="PASS">
          <reporter-output>
          </reporter-output>
        </test-method> <!-- closeBrowser -->
      </class> <!-- TestClass.CreateNewAppoinmentTest -->
      <class name="TestClass.BookAppoinmentTest">
        <test-method is-config="true" signature="LaunchBrowser()[pri:0, instance:TestClass.BookAppoinmentTest@23282c25]" started-at="2026-05-19T19:19:54 IST" name="LaunchBrowser" finished-at="2026-05-19T19:19:59 IST" duration-ms="4518" status="PASS">
          <reporter-output>
          </reporter-output>
        </test-method> <!-- LaunchBrowser -->
        <test-method signature="verifyAppointmentDate()[pri:0, instance:TestClass.BookAppoinmentTest@23282c25]" started-at="2026-05-19T19:19:59 IST" name="verifyAppointmentDate" finished-at="2026-05-19T19:20:03 IST" duration-ms="3958" status="PASS">
          <reporter-output>
            <line>
              <![CDATA[Opening browser for text Exexution]]>
            </line>
            <line>
              <![CDATA[Test Case Sucessfull]]>
            </line>
          </reporter-output>
        </test-method> <!-- verifyAppointmentDate -->
        <test-method is-config="true" signature="closeBrowser()[pri:0, instance:TestClass.BookAppoinmentTest@23282c25]" started-at="2026-05-19T19:20:03 IST" name="closeBrowser" finished-at="2026-05-19T19:20:06 IST" duration-ms="3231" status="PASS">
          <reporter-output>
          </reporter-output>
        </test-method> <!-- closeBrowser -->
      </class> <!-- TestClass.BookAppoinmentTest -->
      <class name="TestClass.LogOutTest">
        <test-method is-config="true" signature="LaunchBrowser()[pri:0, instance:TestClass.LogOutTest@11dc3715]" started-at="2026-05-19T19:20:33 IST" name="LaunchBrowser" finished-at="2026-05-19T19:20:37 IST" duration-ms="3530" status="PASS">
          <reporter-output>
          </reporter-output>
        </test-method> <!-- LaunchBrowser -->
        <test-method signature="verifyLogOut()[pri:0, instance:TestClass.LogOutTest@11dc3715]" started-at="2026-05-19T19:20:37 IST" name="verifyLogOut" finished-at="2026-05-19T19:20:40 IST" duration-ms="2529" status="PASS">
          <reporter-output>
            <line>
              <![CDATA[Opening browser for text Exexution]]>
            </line>
            <line>
              <![CDATA[Test Case Sucessfull]]>
            </line>
          </reporter-output>
        </test-method> <!-- verifyLogOut -->
        <test-method is-config="true" signature="closeBrowser()[pri:0, instance:TestClass.LogOutTest@11dc3715]" started-at="2026-05-19T19:20:40 IST" name="closeBrowser" finished-at="2026-05-19T19:20:43 IST" duration-ms="3200" status="PASS">
          <reporter-output>
          </reporter-output>
        </test-method> <!-- closeBrowser -->
      </class> <!-- TestClass.LogOutTest -->
      <class name="TestClass.LogInTest">
        <test-method is-config="true" signature="LaunchBrowser()[pri:0, instance:TestClass.LogInTest@a4102b8]" started-at="2026-05-19T19:20:26 IST" name="LaunchBrowser" finished-at="2026-05-19T19:20:29 IST" duration-ms="3400" status="PASS">
          <reporter-output>
          </reporter-output>
        </test-method> <!-- LaunchBrowser -->
        <test-method signature="verifyLogin()[pri:0, instance:TestClass.LogInTest@a4102b8]" started-at="2026-05-19T19:20:29 IST" name="verifyLogin" finished-at="2026-05-19T19:20:30 IST" duration-ms="969" status="PASS">
          <reporter-output>
            <line>
              <![CDATA[Opening browser for text Exexution]]>
            </line>
            <line>
              <![CDATA[Test Case Sucessfull]]>
            </line>
          </reporter-output>
        </test-method> <!-- verifyLogin -->
        <test-method is-config="true" signature="closeBrowser()[pri:0, instance:TestClass.LogInTest@a4102b8]" started-at="2026-05-19T19:20:30 IST" name="closeBrowser" finished-at="2026-05-19T19:20:33 IST" duration-ms="3167" status="PASS">
          <reporter-output>
          </reporter-output>
        </test-method> <!-- closeBrowser -->
      </class> <!-- TestClass.LogInTest -->
    </test> <!-- Surefire test -->
  </suite> <!-- Surefire suite -->
</testng-results>
