<?xml version="1.0" encoding="UTF-8"?>
<testng-results ignored="0" total="1" passed="1" failed="0" skipped="0">
  <reporter-output>
    <line>
      <![CDATA[Opening browser for text Exexution]]>
    </line>
    <line>
      <![CDATA[Test Case Sucessfull]]>
    </line>
  </reporter-output>
  <suite started-at="2026-05-19T17:35:30 IST" name="Default suite" finished-at="2026-05-19T17:35:41 IST" duration-ms="11609">
    <groups>
    </groups>
    <test started-at="2026-05-19T17:35:30 IST" name="Default test" finished-at="2026-05-19T17:35:41 IST" duration-ms="11609">
      <class name="TestClass.BookAppoinmentTest">
        <test-method is-config="true" signature="LaunchBrowser()[pri:0, instance:TestClass.BookAppoinmentTest@67c27493]" started-at="2026-05-19T17:35:30 IST" name="LaunchBrowser" finished-at="2026-05-19T17:35:35 IST" duration-ms="4685" status="PASS">
          <reporter-output>
          </reporter-output>
        </test-method> <!-- LaunchBrowser -->
        <test-method signature="verifyAppointmentDate()[pri:0, instance:TestClass.BookAppoinmentTest@67c27493]" started-at="2026-05-19T17:35:35 IST" name="verifyAppointmentDate" finished-at="2026-05-19T17:35:38 IST" duration-ms="3541" status="PASS">
          <reporter-output>
            <line>
              <![CDATA[Opening browser for text Exexution]]>
            </line>
            <line>
              <![CDATA[Test Case Sucessfull]]>
            </line>
          </reporter-output>
        </test-method> <!-- verifyAppointmentDate -->
        <test-method is-config="true" signature="closeBrowser()[pri:0, instance:TestClass.BookAppoinmentTest@67c27493]" started-at="2026-05-19T17:35:38 IST" name="closeBrowser" finished-at="2026-05-19T17:35:41 IST" duration-ms="3284" status="PASS">
          <reporter-output>
          </reporter-output>
        </test-method> <!-- closeBrowser -->
      </class> <!-- TestClass.BookAppoinmentTest -->
    </test> <!-- Default test -->
  </suite> <!-- Default suite -->
</testng-results>
